<?xml version="1.0" encoding="UTF-8"?>
<!-- Generated by org.testng.reporters.JUnitXMLReporter -->
<testsuite ignored="0" hostname="DESKTOP-7Q0V8F5" failures="0" tests="2" name="1Test" time="277.759" errors="0" timestamp="2023-12-21T09:43:41 IST">
  <testcase classname="testCases.Login2Test" name="TC_Puma_002" time="0.0">
    <skipped/>
  </testcase> <!-- TC_Puma_002 -->
  <testcase classname="testCases.Login2Test" name="TC_Puma_003" time="0.0">
    <skipped/>
  </testcase> <!-- TC_Puma_003 -->
</testsuite> <!-- 1Test -->
