<?xml version="1.0" encoding="UTF-8"?>
<!-- Generated by org.testng.reporters.JUnitXMLReporter -->
<testsuite ignored="0" hostname="DESKTOP-7Q0V8F5" failures="1" tests="1" name="Test" time="218.954" errors="0" timestamp="2023-12-21T09:42:42 IST">
  <testcase classname="testCases.LoginTest" name="TC_Puma_001" time="0.01">
    <failure type="java.io.FileNotFoundException" message="E:\Resources\TestDataExcel.xlsx (The system cannot find the path specified)">
      <![CDATA[java.io.FileNotFoundException: E:\Resources\TestDataExcel.xlsx (The system cannot find the path specified)
at java.base/java.io.FileInputStream.open0(Native Method)
at java.base/java.io.FileInputStream.open(FileInputStream.java:216)
at java.base/java.io.FileInputStream.<init>(FileInputStream.java:157)
at utility.ExcelUtility.readExcelData(ExcelUtility.java:20)
at testCases.LoginTest.TC_Puma_001(LoginTest.java:17)
at java.base/java.util.ArrayList.forEach(ArrayList.java:1511)
at java.base/java.util.concurrent.FutureTask.run(FutureTask.java:264)
at java.base/java.util.concurrent.ThreadPoolExecutor.runWorker(ThreadPoolExecutor.java:1136)
at java.base/java.util.concurrent.ThreadPoolExecutor$Worker.run(ThreadPoolExecutor.java:635)
at java.base/java.lang.Thread.run(Thread.java:833)
... Removed 17 stack frames]]>
    </failure>
  </testcase> <!-- TC_Puma_001 -->
</testsuite> <!-- Test -->
